<?xml version="1.0" encoding="UTF-8"?>
<!-- Generated by org.testng.reporters.JUnitXMLReporter -->
<testsuite ignored="0" hostname="AG-5CG4493YSW" failures="0" tests="7" name="my tests" time="9.435" errors="0" timestamp="2025-06-23T14:15:39 IST">
  <testcase classname="d42_TestNGIntegration_And_SetUp_TestAnnotations.OrangeHRMTest" name="openapp" time="6.01"/>
  <testcase classname="d42_TestNGIntegration_And_SetUp_TestAnnotations.OrangeHRMTest" name="testLogo" time="3.047"/>
  <testcase classname="d42_TestNGIntegration_And_SetUp_TestAnnotations.OrangeHRMTest" name="testlogin" time="0.189"/>
  <testcase classname="d42_TestNGIntegration_And_SetUp_TestAnnotations.OrangeHRMTest" name="testLogout" time="0.127"/>
  <testcase classname="d42_TestNGIntegration_And_SetUp_TestAnnotations.FirstTestCase" name="openapp" time="0.0"/>
  <testcase classname="d42_TestNGIntegration_And_SetUp_TestAnnotations.FirstTestCase" name="Login" time="0.0"/>
  <testcase classname="d42_TestNGIntegration_And_SetUp_TestAnnotations.FirstTestCase" name="Logout" time="0.0"/>
</testsuite> <!-- my tests -->
