<?xml version="1.0" encoding="UTF-8"?>
<!-- Generated by org.testng.reporters.JUnitXMLReporter -->
<testsuite ignored="5" hostname="AG-5CG4493YSW" failures="0" tests="3" name="groupingtests" time="0.05" errors="0" timestamp="2025-06-26T10:34:51 IST">
  <testcase classname="d44_TestNG_DependencyMethods_GroupingTests.LoginTests" name="loginByEmail" time="0.006"/>
  <testcase classname="d44_TestNG_DependencyMethods_GroupingTests.LoginTests" name="loginByFacebook" time="0.001"/>
  <testcase classname="d44_TestNG_DependencyMethods_GroupingTests.LoginTests" name="loginByTwitter" time="0.001"/>
  <testcase classname="d44_TestNG_DependencyMethods_GroupingTests.PaymentTests" name="PaymentinDollars" time="0.0">
    <ignored/>
  </testcase> <!-- PaymentinDollars -->
  <testcase classname="d44_TestNG_DependencyMethods_GroupingTests.SignUpTests" name="SignupByTwitter" time="0.0">
    <ignored/>
  </testcase> <!-- SignupByTwitter -->
  <testcase classname="d44_TestNG_DependencyMethods_GroupingTests.PaymentTests" name="PaymentinRupees" time="0.0">
    <ignored/>
  </testcase> <!-- PaymentinRupees -->
  <testcase classname="d44_TestNG_DependencyMethods_GroupingTests.SignUpTests" name="SignupByFacebook" time="0.0">
    <ignored/>
  </testcase> <!-- SignupByFacebook -->
  <testcase classname="d44_TestNG_DependencyMethods_GroupingTests.SignUpTests" name="SignupByEmail" time="0.0">
    <ignored/>
  </testcase> <!-- SignupByEmail -->
</testsuite> <!-- groupingtests -->
