<?xml version="1.0" encoding="UTF-8"?>
<!-- Generated by org.testng.reporters.JUnitXMLReporter -->
<testsuite ignored="0" hostname="AG-5CG4493YSW" failures="0" tests="3" name="ChromeTest" time="10.021" errors="0" timestamp="2025-06-27T11:00:45 IST">
  <testcase classname="d45_TestNG_DataProviders_ParallelTesting.ParallelTest" name="testLogo" time="0.049"/>
  <testcase classname="d45_TestNG_DataProviders_ParallelTesting.ParallelTest" name="testTitle" time="0.01"/>
  <testcase classname="d45_TestNG_DataProviders_ParallelTesting.ParallelTest" name="testURL" time="0.01"/>
</testsuite> <!-- ChromeTest -->
