<?xml version="1.0" encoding="UTF-8"?>
<!-- Generated by org.testng.reporters.JUnitXMLReporter -->
<testsuite ignored="0" hostname="AG-5CG4493YSW" failures="0" tests="3" name="EdgeTest" time="11.535" errors="0" timestamp="2025-06-27T11:00:47 IST">
  <testcase classname="d45_TestNG_DataProviders_ParallelTesting.ParallelTest" name="testLogo" time="0.032"/>
  <testcase classname="d45_TestNG_DataProviders_ParallelTesting.ParallelTest" name="testTitle" time="0.009"/>
  <testcase classname="d45_TestNG_DataProviders_ParallelTesting.ParallelTest" name="testURL" time="0.009"/>
</testsuite> <!-- EdgeTest -->
