<?xml version="1.0" encoding="UTF-8"?>
<testng-results ignored="0" total="1" passed="1" failed="0" skipped="0">
  <reporter-output>
  </reporter-output>
  <suite started-at="2025-07-05T14:55:53 IST" name="Suite" finished-at="2025-07-05T14:56:03 IST" duration-ms="10222">
    <groups>
    </groups>
    <test started-at="2025-07-05T14:55:53 IST" name="Test" finished-at="2025-07-05T14:56:03 IST" duration-ms="10222">
      <class name="d47_TestNG_PageObjectModelPattern.LoginTest2">
        <test-method is-config="true" signature="setup()[pri:0, instance:d47_TestNG_PageObjectModelPattern.LoginTest2@198b6731]" started-at="2025-07-05T14:55:53 IST" name="setup" finished-at="2025-07-05T14:56:00 IST" duration-ms="7429" status="PASS">
          <reporter-output>
          </reporter-output>
        </test-method> <!-- setup -->
        <test-method signature="testLogin()[pri:0, instance:d47_TestNG_PageObjectModelPattern.LoginTest2@198b6731]" started-at="2025-07-05T14:56:00 IST" name="testLogin" finished-at="2025-07-05T14:56:03 IST" duration-ms="2512" status="PASS">
          <reporter-output>
          </reporter-output>
        </test-method> <!-- testLogin -->
        <test-method is-config="true" signature="tearDown()[pri:0, instance:d47_TestNG_PageObjectModelPattern.LoginTest2@198b6731]" started-at="2025-07-05T14:56:03 IST" name="tearDown" finished-at="2025-07-05T14:56:03 IST" duration-ms="231" status="PASS">
          <reporter-output>
          </reporter-output>
        </test-method> <!-- tearDown -->
      </class> <!-- d47_TestNG_PageObjectModelPattern.LoginTest2 -->
    </test> <!-- Test -->
  </suite> <!-- Suite -->
</testng-results>
