<?xml version="1.0" encoding="UTF-8"?>
<testng-results ignored="0" total="2" passed="2" failed="0" skipped="0">
  <reporter-output>
  </reporter-output>
  <suite started-at="2026-01-08T23:03:16 IST" name="Suite" finished-at="2026-01-08T23:03:21 IST" duration-ms="5175">
    <groups>
    </groups>
    <test started-at="2026-01-08T23:03:16 IST" name="Test" finished-at="2026-01-08T23:03:21 IST" duration-ms="5175">
      <class name="threadsafetyconcept.DriverTest2">
        <test-method signature="mytest2()[pri:0, instance:threadsafetyconcept.DriverTest2@443118b0]" started-at="2026-01-08T23:03:16 IST" name="mytest2" finished-at="2026-01-08T23:03:21 IST" duration-ms="5108" status="PASS">
          <reporter-output>
          </reporter-output>
        </test-method> <!-- mytest2 -->
        <test-method signature="mytest1()[pri:0, instance:threadsafetyconcept.DriverTest2@443118b0]" started-at="2026-01-08T23:03:16 IST" name="mytest1" finished-at="2026-01-08T23:03:20 IST" duration-ms="3921" status="PASS">
          <reporter-output>
          </reporter-output>
        </test-method> <!-- mytest1 -->
        <test-method is-config="true" signature="teardown()[pri:0, instance:threadsafetyconcept.DriverTest2@443118b0]" started-at="2026-01-08T23:03:21 IST" name="teardown" finished-at="2026-01-08T23:03:21 IST" duration-ms="3" status="PASS">
          <reporter-output>
          </reporter-output>
        </test-method> <!-- teardown -->
      </class> <!-- threadsafetyconcept.DriverTest2 -->
    </test> <!-- Test -->
  </suite> <!-- Suite -->
</testng-results>
