<?xml version="1.0" encoding="UTF-8"?>
<!-- Generated by org.testng.reporters.JUnitReportReporter -->
<testsuite hostname="AG-fUZSAp1huthC" failures="0" tests="2" name="threadsafetyconcept.DriverTest2" time="9.029" errors="0" timestamp="2026-01-08T23:03:22 IST" skipped="0">
  <testcase classname="threadsafetyconcept.DriverTest2" name="mytest2" time="5.108"/>
  <testcase classname="threadsafetyconcept.DriverTest2" name="mytest1" time="3.921"/>
</testsuite> <!-- threadsafetyconcept.DriverTest2 -->
