<?xml version="1.0" encoding="UTF-8"?>
<!-- Generated by org.testng.reporters.JUnitReportReporter -->
<testsuite hostname="AG-fUZSAp1huthC" failures="1" tests="2" name="d45_TestNG_DataProviders_ParallelTesting.LoginTestUsingDataProvider" time="25.129" errors="0" timestamp="2026-01-08T22:43:01 IST" skipped="0">
  <testcase classname="d45_TestNG_DataProviders_ParallelTesting.LoginTestUsingDataProvider" name="loginTest" time="17.787">
    <failure message="expected [true] but found [false]" type="java.lang.AssertionError">
      <![CDATA[java.lang.AssertionError: expected [true] but found [false]
at org.testng.Assert.fail(Assert.java:111)
at org.testng.Assert.failNotEquals(Assert.java:1590)
at org.testng.Assert.assertTrue(Assert.java:57)
at org.testng.Assert.assertTrue(Assert.java:67)
at d45_TestNG_DataProviders_ParallelTesting.LoginTestUsingDataProvider.loginTest(LoginTestUsingDataProvider.java:34)
at java.base/jdk.internal.reflect.DirectMethodHandleAccessor.invoke(DirectMethodHandleAccessor.java:103)
at java.base/java.lang.reflect.Method.invoke(Method.java:580)
at org.testng.internal.invokers.MethodInvocationHelper.invokeMethod(MethodInvocationHelper.java:141)
at org.testng.internal.invokers.TestInvoker.invokeMethod(TestInvoker.java:687)
at org.testng.internal.invokers.TestInvoker.invokeTestMethod(TestInvoker.java:230)
at org.testng.internal.invokers.TestMethodWithDataProviderMethodWorker.call(TestMethodWithDataProviderMethodWorker.java:81)
at org.testng.internal.thread.Async$AsyncTask.run(Async.java:34)
at java.base/java.util.concurrent.ThreadPoolExecutor.runWorker(ThreadPoolExecutor.java:1144)
at java.base/java.util.concurrent.ThreadPoolExecutor$Worker.run(ThreadPoolExecutor.java:642)
at java.base/java.lang.Thread.run(Thread.java:1583)
]]>
    </failure>
  </testcase> <!-- loginTest -->
  <testcase classname="d45_TestNG_DataProviders_ParallelTesting.LoginTestUsingDataProvider" name="loginTest" time="7.342"/>
</testsuite> <!-- d45_TestNG_DataProviders_ParallelTesting.LoginTestUsingDataProvider -->
